Copyright 1986-2019 Xilinx, Inc. All Rights Reserved.
----------------------------------------------------------------------------------------
| Tool Version     : Vivado v.2019.1 (lin64) Build 2552052 Fri May 24 14:47:09 MDT 2019
| Date             : Mon Oct 28 15:45:42 2019
| Host             : EE10854 running 64-bit Ubuntu 18.04.3 LTS
| Command          : report_power -file top_power.rpt
| Design           : top
| Device           : xc7a35ticsg324-1L
| Design State     : routed
| Grade            : industrial
| Process          : typical
| Characterization : Production
----------------------------------------------------------------------------------------

Power Report

Table of Contents
-----------------
1. Summary
1.1 On-Chip Components
1.2 Power Supply Summary
1.3 Confidence Level
2. Settings
2.1 Environment
2.2 Clock Constraints
3. Detailed Reports
3.1 By Hierarchy

1. Summary
----------

+--------------------------+--------------+
| Total On-Chip Power (W)  | 0.501        |
| Design Power Budget (W)  | Unspecified* |
| Power Budget Margin (W)  | NA           |
| Dynamic (W)              | 0.436        |
| Device Static (W)        | 0.065        |
| Effective TJA (C/W)      | 4.8          |
| Max Ambient (C)          | 97.6         |
| Junction Temperature (C) | 27.4         |
| Confidence Level         | Low          |
| Setting File             | ---          |
| Simulation Activity File | ---          |
| Design Nets Matched      | NA           |
+--------------------------+--------------+
* Specify Design Power Budget using, set_operating_conditions -design_power_budget <value in Watts>


1.1 On-Chip Components
----------------------

+--------------------------+-----------+----------+-----------+-----------------+
| On-Chip                  | Power (W) | Used     | Available | Utilization (%) |
+--------------------------+-----------+----------+-----------+-----------------+
| Clocks                   |     0.024 |       11 |       --- |             --- |
| Slice Logic              |     0.012 |    12977 |       --- |             --- |
|   LUT as Logic           |     0.010 |     6038 |     20800 |           29.03 |
|   CARRY4                 |    <0.001 |      311 |      8150 |            3.82 |
|   LUT as Distributed RAM |    <0.001 |      184 |      9600 |            1.92 |
|   Register               |    <0.001 |     5259 |     41600 |           12.64 |
|   F7/F8 Muxes            |    <0.001 |       53 |     32600 |            0.16 |
|   LUT as Shift Register  |    <0.001 |        2 |      9600 |            0.02 |
|   Others                 |     0.000 |       11 |       --- |             --- |
| Signals                  |     0.018 |    11349 |       --- |             --- |
| Block RAM                |     0.086 |     40.5 |        50 |           81.00 |
| PLL                      |     0.128 |        1 |         5 |           20.00 |
| I/O                      |     0.165 |       91 |       210 |           43.33 |
| XADC                     |     0.002 |        1 |       --- |             --- |
| Static Power             |     0.065 |          |           |                 |
| Total                    |     0.501 |          |           |                 |
+--------------------------+-----------+----------+-----------+-----------------+


1.2 Power Supply Summary
------------------------

+-----------+-------------+-----------+-------------+------------+
| Source    | Voltage (V) | Total (A) | Dynamic (A) | Static (A) |
+-----------+-------------+-----------+-------------+------------+
| Vccint    |       0.950 |     0.165 |       0.158 |      0.007 |
| Vccaux    |       1.800 |     0.117 |       0.105 |      0.011 |
| Vcco33    |       3.300 |     0.004 |       0.003 |      0.001 |
| Vcco25    |       2.500 |     0.000 |       0.000 |      0.000 |
| Vcco18    |       1.800 |     0.000 |       0.000 |      0.000 |
| Vcco15    |       1.500 |     0.000 |       0.000 |      0.000 |
| Vcco135   |       1.350 |     0.061 |       0.060 |      0.001 |
| Vcco12    |       1.200 |     0.000 |       0.000 |      0.000 |
| Vccaux_io |       1.800 |     0.000 |       0.000 |      0.000 |
| Vccbram   |       0.950 |     0.007 |       0.007 |      0.001 |
| MGTAVcc   |       1.000 |     0.000 |       0.000 |      0.000 |
| MGTAVtt   |       1.200 |     0.000 |       0.000 |      0.000 |
| Vccadc    |       1.800 |     0.019 |       0.001 |      0.018 |
+-----------+-------------+-----------+-------------+------------+


1.3 Confidence Level
--------------------

+-----------------------------+------------+--------------------------------------------------------+------------------------------------------------------------------------------------------------------------+
| User Input Data             | Confidence | Details                                                | Action                                                                                                     |
+-----------------------------+------------+--------------------------------------------------------+------------------------------------------------------------------------------------------------------------+
| Design implementation state | High       | Design is routed                                       |                                                                                                            |
| Clock nodes activity        | High       | User specified more than 95% of clocks                 |                                                                                                            |
| I/O nodes activity          | Low        | More than 75% of inputs are missing user specification | Provide missing input activity with simulation results or by editing the "By Resource Type -> I/Os" view   |
| Internal nodes activity     | Medium     | User specified less than 25% of internal nodes         | Provide missing internal nodes activity with simulation results or by editing the "By Resource Type" views |
| Device models               | High       | Device models are Production                           |                                                                                                            |
|                             |            |                                                        |                                                                                                            |
| Overall confidence level    | Low        |                                                        |                                                                                                            |
+-----------------------------+------------+--------------------------------------------------------+------------------------------------------------------------------------------------------------------------+


2. Settings
-----------

2.1 Environment
---------------

+-----------------------+--------------------------+
| Ambient Temp (C)      | 25.0                     |
| ThetaJA (C/W)         | 4.8                      |
| Airflow (LFM)         | 250                      |
| Heat Sink             | medium (Medium Profile)  |
| ThetaSA (C/W)         | 4.6                      |
| Board Selection       | medium (10"x10")         |
| # of Board Layers     | 12to15 (12 to 15 Layers) |
| Board Temperature (C) | 25.0                     |
+-----------------------+--------------------------+


2.2 Clock Constraints
---------------------

+--------------------------------+--------------------------------+-----------------+
| Clock                          | Domain                         | Constraint (ns) |
+--------------------------------+--------------------------------+-----------------+
| builder_pll_fb                 | builder_pll_fb                 |            10.0 |
| clk100                         | clk100                         |            10.0 |
| eth_rx_clk                     | eth_rx_clk                     |            80.0 |
| eth_tx_clk                     | eth_tx_clk                     |            80.0 |
| main_soclinux_soclinux_clkout0 | main_soclinux_soclinux_clkout0 |            10.0 |
| main_soclinux_soclinux_clkout1 | main_soclinux_soclinux_clkout1 |             2.5 |
| main_soclinux_soclinux_clkout2 | main_soclinux_soclinux_clkout2 |             2.5 |
| main_soclinux_soclinux_clkout3 | main_soclinux_soclinux_clkout3 |             5.0 |
| main_soclinux_soclinux_clkout4 | main_soclinux_soclinux_clkout4 |            40.0 |
+--------------------------------+--------------------------------+-----------------+


3. Detailed Reports
-------------------

3.1 By Hierarchy
----------------

+----------------------------+-----------+
| Name                       | Power (W) |
+----------------------------+-----------+
| top                        |     0.436 |
|   IOBUF                    |     0.003 |
|   IOBUF_1                  |     0.002 |
|   IOBUF_10                 |     0.002 |
|   IOBUF_11                 |     0.003 |
|   IOBUF_12                 |     0.002 |
|   IOBUF_13                 |     0.002 |
|   IOBUF_14                 |     0.002 |
|   IOBUF_15                 |     0.002 |
|   IOBUF_2                  |     0.002 |
|   IOBUF_3                  |     0.003 |
|   IOBUF_4                  |     0.002 |
|   IOBUF_5                  |     0.002 |
|   IOBUF_6                  |     0.002 |
|   IOBUF_7                  |     0.002 |
|   IOBUF_8                  |     0.003 |
|   IOBUF_9                  |     0.002 |
|   OBUFDS                   |     0.002 |
|   OBUFTDS                  |     0.002 |
|   OBUFTDS_1                |     0.002 |
|   VexRiscv                 |     0.031 |
|     IBusCachedPlugin_cache |     0.005 |
|     dataCache_1_           |     0.008 |
+----------------------------+-----------+


