Copyright 1986-2019 Xilinx, Inc. All Rights Reserved.
----------------------------------------------------------------------------------------
| Tool Version     : Vivado v.2019.1 (lin64) Build 2552052 Fri May 24 14:47:09 MDT 2019
| Date             : Wed Oct 23 12:34:48 2019
| Host             : EE10854 running 64-bit Ubuntu 18.04.3 LTS
| Command          : report_power -file top_power.rpt
| Design           : top
| Device           : xc7a100tcsg324-1
| Design State     : routed
| Grade            : commercial
| Process          : typical
| Characterization : Production
----------------------------------------------------------------------------------------

Power Report

Table of Contents
-----------------
1. Summary
1.1 On-Chip Components
1.2 Power Supply Summary
1.3 Confidence Level
2. Settings
2.1 Environment
2.2 Clock Constraints
3. Detailed Reports
3.1 By Hierarchy

1. Summary
----------

+--------------------------+--------------+
| Total On-Chip Power (W)  | 0.770        |
| Design Power Budget (W)  | Unspecified* |
| Power Budget Margin (W)  | NA           |
| Dynamic (W)              | 0.661        |
| Device Static (W)        | 0.109        |
| Effective TJA (C/W)      | 4.6          |
| Max Ambient (C)          | 81.5         |
| Junction Temperature (C) | 28.5         |
| Confidence Level         | Low          |
| Setting File             | ---          |
| Simulation Activity File | ---          |
| Design Nets Matched      | NA           |
+--------------------------+--------------+
* Specify Design Power Budget using, set_operating_conditions -design_power_budget <value in Watts>


1.1 On-Chip Components
----------------------

+--------------------------+-----------+----------+-----------+-----------------+
| On-Chip                  | Power (W) | Used     | Available | Utilization (%) |
+--------------------------+-----------+----------+-----------+-----------------+
| Clocks                   |     0.023 |       11 |       --- |             --- |
| Slice Logic              |     0.015 |    10763 |       --- |             --- |
|   LUT as Logic           |     0.012 |     4928 |     63400 |            7.77 |
|   LUT as Distributed RAM |     0.001 |      184 |     19000 |            0.97 |
|   CARRY4                 |    <0.001 |      235 |     15850 |            1.48 |
|   Register               |    <0.001 |     4337 |    126800 |            3.42 |
|   F7/F8 Muxes            |    <0.001 |      135 |     63400 |            0.21 |
|   LUT as Shift Register  |    <0.001 |        2 |     19000 |            0.01 |
|   Others                 |     0.000 |       11 |       --- |             --- |
| Signals                  |     0.023 |     9293 |       --- |             --- |
| Block RAM                |     0.085 |       37 |       135 |           27.41 |
| MMCM                     |     0.119 |        1 |         6 |           16.67 |
| I/O                      |     0.397 |       60 |       210 |           28.57 |
| Static Power             |     0.109 |          |           |                 |
| Total                    |     0.770 |          |           |                 |
+--------------------------+-----------+----------+-----------+-----------------+


1.2 Power Supply Summary
------------------------

+-----------+-------------+-----------+-------------+------------+
| Source    | Voltage (V) | Total (A) | Dynamic (A) | Static (A) |
+-----------+-------------+-----------+-------------+------------+
| Vccint    |       1.000 |     0.165 |       0.147 |      0.018 |
| Vccaux    |       1.800 |     0.120 |       0.102 |      0.018 |
| Vcco33    |       3.300 |     0.005 |       0.001 |      0.004 |
| Vcco25    |       2.500 |     0.000 |       0.000 |      0.000 |
| Vcco18    |       1.800 |     0.183 |       0.179 |      0.004 |
| Vcco15    |       1.500 |     0.000 |       0.000 |      0.000 |
| Vcco135   |       1.350 |     0.000 |       0.000 |      0.000 |
| Vcco12    |       1.200 |     0.000 |       0.000 |      0.000 |
| Vccaux_io |       1.800 |     0.000 |       0.000 |      0.000 |
| Vccbram   |       1.000 |     0.007 |       0.006 |      0.001 |
| MGTAVcc   |       1.000 |     0.000 |       0.000 |      0.000 |
| MGTAVtt   |       1.200 |     0.000 |       0.000 |      0.000 |
| Vccadc    |       1.800 |     0.020 |       0.000 |      0.020 |
+-----------+-------------+-----------+-------------+------------+


1.3 Confidence Level
--------------------

+-----------------------------+------------+--------------------------------------------------------+------------------------------------------------------------------------------------------------------------+
| User Input Data             | Confidence | Details                                                | Action                                                                                                     |
+-----------------------------+------------+--------------------------------------------------------+------------------------------------------------------------------------------------------------------------+
| Design implementation state | High       | Design is routed                                       |                                                                                                            |
| Clock nodes activity        | High       | User specified more than 95% of clocks                 |                                                                                                            |
| I/O nodes activity          | Low        | More than 75% of inputs are missing user specification | Provide missing input activity with simulation results or by editing the "By Resource Type -> I/Os" view   |
| Internal nodes activity     | Medium     | User specified less than 25% of internal nodes         | Provide missing internal nodes activity with simulation results or by editing the "By Resource Type" views |
| Device models               | High       | Device models are Production                           |                                                                                                            |
|                             |            |                                                        |                                                                                                            |
| Overall confidence level    | Low        |                                                        |                                                                                                            |
+-----------------------------+------------+--------------------------------------------------------+------------------------------------------------------------------------------------------------------------+


2. Settings
-----------

2.1 Environment
---------------

+-----------------------+--------------------------+
| Ambient Temp (C)      | 25.0                     |
| ThetaJA (C/W)         | 4.6                      |
| Airflow (LFM)         | 250                      |
| Heat Sink             | medium (Medium Profile)  |
| ThetaSA (C/W)         | 4.6                      |
| Board Selection       | medium (10"x10")         |
| # of Board Layers     | 12to15 (12 to 15 Layers) |
| Board Temperature (C) | 25.0                     |
+-----------------------+--------------------------+


2.2 Clock Constraints
---------------------

+--------------------------------+--------------------------------+-----------------+
| Clock                          | Domain                         | Constraint (ns) |
+--------------------------------+--------------------------------+-----------------+
| builder_mmcm_fb                | builder_mmcm_fb                |            10.0 |
| clk100                         | clk100                         |            10.0 |
| eth_rx_clk                     | eth_rx_clk                     |            80.0 |
| eth_tx_clk                     | eth_tx_clk                     |            80.0 |
| main_soclinux_soclinux_clkout0 | main_soclinux_soclinux_clkout0 |            10.0 |
| main_soclinux_soclinux_clkout1 | main_soclinux_soclinux_clkout1 |             5.0 |
| main_soclinux_soclinux_clkout2 | main_soclinux_soclinux_clkout2 |             5.0 |
| main_soclinux_soclinux_clkout3 | main_soclinux_soclinux_clkout3 |             5.0 |
| main_soclinux_soclinux_clkout4 | main_soclinux_soclinux_clkout4 |            20.0 |
+--------------------------------+--------------------------------+-----------------+


3. Detailed Reports
-------------------

3.1 By Hierarchy
----------------

+----------------------------+-----------+
| Name                       | Power (W) |
+----------------------------+-----------+
| top                        |     0.661 |
|   IOBUF                    |     0.008 |
|   IOBUF_1                  |     0.008 |
|   IOBUF_10                 |     0.008 |
|   IOBUF_11                 |     0.008 |
|   IOBUF_12                 |     0.008 |
|   IOBUF_13                 |     0.008 |
|   IOBUF_14                 |     0.008 |
|   IOBUF_15                 |     0.008 |
|   IOBUF_2                  |     0.008 |
|   IOBUF_3                  |     0.008 |
|   IOBUF_4                  |     0.008 |
|   IOBUF_5                  |     0.008 |
|   IOBUF_6                  |     0.008 |
|   IOBUF_7                  |     0.008 |
|   IOBUF_8                  |     0.008 |
|   IOBUF_9                  |     0.008 |
|   OBUFDS                   |     0.008 |
|   OBUFTDS                  |     0.008 |
|   OBUFTDS_1                |     0.008 |
|   VexRiscv                 |     0.038 |
|     IBusCachedPlugin_cache |     0.007 |
|     dataCache_1_           |     0.010 |
+----------------------------+-----------+


