Copyright 1986-2019 Xilinx, Inc. All Rights Reserved.
------------------------------------------------------------------------------------
| Tool Version : Vivado v.2019.1 (lin64) Build 2552052 Fri May 24 14:47:09 MDT 2019
| Date         : Wed Oct 23 12:33:25 2019
| Host         : EE10854 running 64-bit Ubuntu 18.04.3 LTS
| Command      : report_control_sets -verbose -file top_control_sets.rpt
| Design       : top
| Device       : xc7a100t
------------------------------------------------------------------------------------

Control Set Information

Table of Contents
-----------------
1. Summary
2. Histogram
3. Flip-Flop Distribution
4. Detailed Control Set Information

1. Summary
----------

+----------------------------------------------------------+-------+
|                          Status                          | Count |
+----------------------------------------------------------+-------+
| Total control sets                                       |   206 |
|    Minimum number of control sets                        |   206 |
|    Addition due to synthesis replication                 |     0 |
|    Addition due to physical synthesis replication        |     0 |
| Unused register locations in slices containing registers |   375 |
+----------------------------------------------------------+-------+
* Control sets can be merged at opt_design using control_set_merge or merge_equivalent_drivers
** Run report_qor_suggestions for automated merging and remapping suggestions


2. Histogram
------------

+--------------------+-------+
|       Fanout       | Count |
+--------------------+-------+
| Total control sets |   206 |
| >= 0 to < 4        |     8 |
| >= 4 to < 6        |    32 |
| >= 6 to < 8        |     5 |
| >= 8 to < 10       |    54 |
| >= 10 to < 12      |     5 |
| >= 12 to < 14      |     9 |
| >= 14 to < 16      |     1 |
| >= 16              |    92 |
+--------------------+-------+
* Control sets can be remapped at either synth_design or opt_design


3. Flip-Flop Distribution
-------------------------

+--------------+-----------------------+------------------------+-----------------+--------------+
| Clock Enable | Synchronous Set/Reset | Asynchronous Set/Reset | Total Registers | Total Slices |
+--------------+-----------------------+------------------------+-----------------+--------------+
| No           | No                    | No                     |             185 |           92 |
| No           | No                    | Yes                    |               8 |            4 |
| No           | Yes                   | No                     |             992 |          386 |
| Yes          | No                    | No                     |            1399 |          552 |
| Yes          | No                    | Yes                    |               0 |            0 |
| Yes          | Yes                   | No                     |            1753 |          547 |
+--------------+-----------------------+------------------------+-----------------+--------------+


4. Detailed Control Set Information
-----------------------------------

+--------------+------------------------------------------------------------------------------------------------------------------+------------------------------------------------------------------------------------------+------------------+----------------+
| Clock Signal |                                                   Enable Signal                                                  |                                     Set/Reset Signal                                     | Slice Load Count | Bel Load Count |
+--------------+------------------------------------------------------------------------------------------------------------------+------------------------------------------------------------------------------------------+------------------+----------------+
|  clk200_clk  |                                                                                                                  |                                                                                          |                1 |              1 |
|  sys_clk     | serial_tx_i_1_n_0                                                                                                | sys_rst                                                                                  |                1 |              1 |
|  sys_clk     |                                                                                                                  | main_soclinux_soclinux_sdram_tccdcon_ready_i_1_n_0                                       |                1 |              1 |
|  eth_rx_clk  |                                                                                                                  | main_soclinux_ethphy_reset0                                                              |                1 |              2 |
|  clk200_clk  |                                                                                                                  | builder_xilinxasyncresetsynchronizerimpl0                                                |                1 |              2 |
|  sys_clk     |                                                                                                                  | builder_xilinxasyncresetsynchronizerimpl0                                                |                1 |              2 |
|  eth_tx_clk  |                                                                                                                  | main_soclinux_ethphy_reset0                                                              |                1 |              2 |
|  sys_clk     | VexRiscv/_zz_212_                                                                                                | VexRiscv/IBusCachedPlugin_cache/reset0                                                   |                1 |              3 |
|  sys_clk     | VexRiscv/IBusCachedPlugin_cache/main_soclinux_soclinux_sdram_bankmachine0_cmd_buffer_lookahead_level_reg[3]_0[0] | sys_rst                                                                                  |                2 |              4 |
|  clk200_clk  | main_soclinux_soclinux_reset_counter[3]_i_1_n_0                                                                  | clk200_rst                                                                               |                1 |              4 |
|  sys_clk     | main_soclinux_soclinux_uart_tx_fifo_syncfifo_re                                                                  | sys_rst                                                                                  |                1 |              4 |
|  sys_clk     | VexRiscv/IBusCachedPlugin_cache/main_soclinux_soclinux_sdram_bankmachine3_cmd_buffer_lookahead_level_reg[0]_1[0] | sys_rst                                                                                  |                1 |              4 |
|  sys_clk     | VexRiscv/dataCache_1_/memory_to_writeBack_INSTRUCTION_reg[29][0]                                                 | VexRiscv/IBusCachedPlugin_cache/reset0                                                   |                2 |              4 |
|  sys_clk     | VexRiscv/IBusCachedPlugin_cache/main_soclinux_soclinux_sdram_bankmachine6_cmd_buffer_lookahead_level_reg[3]_0[0] | sys_rst                                                                                  |                1 |              4 |
|  sys_clk     | VexRiscv/IBusCachedPlugin_cache/main_soclinux_soclinux_sdram_bankmachine7_cmd_buffer_lookahead_level_reg[0]_0[0] | sys_rst                                                                                  |                1 |              4 |
|  sys_clk     | VexRiscv/IBusCachedPlugin_cache/main_soclinux_soclinux_sdram_bankmachine1_cmd_buffer_lookahead_level_reg[0][0]   | sys_rst                                                                                  |                2 |              4 |
|  sys_clk     | VexRiscv/IBusCachedPlugin_cache/main_soclinux_soclinux_sdram_bankmachine5_cmd_buffer_lookahead_level_reg[0][0]   | sys_rst                                                                                  |                1 |              4 |
|  sys_clk     | VexRiscv/dataCache_1_/memory_MulDivIterativePlugin_div_counter_willClear                                         | VexRiscv/dataCache_1_/stageA_request_size[0]_i_1_n_0                                     |                1 |              4 |
|  sys_clk     | main_soclinux_soclinux_uart_rx_fifo_wrport_we__0                                                                 | sys_rst                                                                                  |                1 |              4 |
|  sys_clk     | VexRiscv/IBusCachedPlugin_cache/main_soclinux_soclinux_sdram_storage[3]_i_2_0[0]                                 | sys_rst                                                                                  |                1 |              4 |
|  sys_clk     | VexRiscv/IBusCachedPlugin_cache/main_soclinux_soclinux_uart_rx_fifo_rdport_re                                    | sys_rst                                                                                  |                1 |              4 |
|  sys_clk     | main_soclinux_soclinux_uart_phy_rx_bitcount                                                                      | main_soclinux_soclinux_uart_phy_rx_bitcount[3]_i_1_n_0                                   |                1 |              4 |
|  sys_clk     | builder_multiplexer_next_state                                                                                   | sys_rst                                                                                  |                2 |              4 |
|  sys_clk     | main_soclinux_soclinux_uart_phy_sink_ready1309_out                                                               | main_soclinux_soclinux_uart_phy_tx_bitcount[3]_i_1_n_0                                   |                1 |              4 |
|  sys_clk     | VexRiscv/IBusCachedPlugin_cache/builder_soclinux_grant_reg_13                                                    | sys_rst                                                                                  |                1 |              4 |
|  sys_clk     | main_soclinux_soclinux_sdram_time1[3]_i_1_n_0                                                                    | sys_rst                                                                                  |                2 |              4 |
|  eth_tx_clk  | builder_liteethmacgap_state                                                                                      | p_69_in                                                                                  |                1 |              4 |
|  sys_clk     | VexRiscv/IBusCachedPlugin_cache/main_soclinux_soclinux_sdram_bankmachine2_cmd_buffer_lookahead_level_reg[3]_0[0] | sys_rst                                                                                  |                2 |              4 |
|  sys_clk     | VexRiscv/IBusCachedPlugin_cache/main_soclinux_soclinux_sdram_bankmachine4_cmd_buffer_lookahead_level_reg[0]_0[0] | sys_rst                                                                                  |                2 |              4 |
|  sys_clk     | main_soclinux_soclinux_sdram_sequencer_counter[4]_i_1_n_0                                                        | sys_rst                                                                                  |                1 |              5 |
|  sys_clk     | VexRiscv/CsrPlugin_mstatus_MIE52_out                                                                             |                                                                                          |                1 |              5 |
|  sys_clk     | VexRiscv/IBusCachedPlugin_cache/lineLoader_address_reg[5]_0[1]                                                   | sys_rst                                                                                  |                2 |              5 |
|  sys_clk     | VexRiscv/dataCache_1_/decode_to_execute_INSTRUCTION_reg[26]_1[0]                                                 |                                                                                          |                3 |              5 |
|  sys_clk     | VexRiscv/IBusCachedPlugin_cache/lineLoader_address_reg[11]_1[0]                                                  | sys_rst                                                                                  |                2 |              5 |
|  sys_clk     | VexRiscv/dataCache_1_/p_2_in27_out                                                                               |                                                                                          |                4 |              5 |
|  sys_clk     | VexRiscv/IBusCachedPlugin_cache/_zz_211__reg[0][1]                                                               | sys_rst                                                                                  |                1 |              5 |
|  sys_clk     | main_soclinux_soclinux_sdram_time0[4]_i_1_n_0                                                                    | sys_rst                                                                                  |                2 |              5 |
|  sys_clk     |                                                                                                                  | VexRiscv/IBusCachedPlugin_cache/FDPE_1_5[0]                                              |                2 |              5 |
|  sys_clk     | VexRiscv/IBusCachedPlugin_cache/main_soclinux_soclinux_uart_phy_source_valid_reg[0]                              | sys_rst                                                                                  |                2 |              5 |
|  sys_clk     | VexRiscv/IBusCachedPlugin_cache/main_soclinux_soclinux_uart_tx_fifo_readable_reg[0]                              | sys_rst                                                                                  |                2 |              5 |
|  sys_clk     | VexRiscv/IBusCachedPlugin_cache/_zz_211__reg[1][0]                                                               | sys_rst                                                                                  |                2 |              6 |
|  sys_clk     | VexRiscv/IBusCachedPlugin_cache/_zz_213__reg[0][0]                                                               | sys_rst                                                                                  |                3 |              6 |
|  sys_clk     |                                                                                                                  | VexRiscv/dataCache_1_/SR[0]                                                              |                3 |              6 |
|  sys_clk     |                                                                                                                  | VexRiscv/IBusCachedPlugin_cache/FDPE_1_11[0]                                             |                2 |              6 |
|  sys_clk     | VexRiscv/dataCache_1_/stageB_mmuRsp_physicalAddress[11]_i_2_n_0                                                  | VexRiscv/IBusCachedPlugin_cache/FDPE_1_10[0]                                             |                3 |              7 |
|  sys_clk     | VexRiscv/IBusCachedPlugin_cache/builder_wb2csr_state_reg_1[0]                                                    | sys_rst                                                                                  |                2 |              8 |
|  sys_clk     | main_soclinux_soclinux_uart_phy_source_payload_data[7]_i_1_n_0                                                   | sys_rst                                                                                  |                1 |              8 |
|  sys_clk     | VexRiscv/IBusCachedPlugin_cache/lineLoader_address_reg[11]_4[4]                                                  | sys_rst                                                                                  |                2 |              8 |
|  sys_clk     | VexRiscv/IBusCachedPlugin_cache/builder_wb2csr_state_reg_0[3]                                                    | sys_rst                                                                                  |                3 |              8 |
|  sys_clk     | VexRiscv/IBusCachedPlugin_cache/lineLoader_address_reg[11]_3[3]                                                  | sys_rst                                                                                  |                4 |              8 |
|  sys_clk     | VexRiscv/IBusCachedPlugin_cache/builder_wb2csr_state_reg[1]                                                      | sys_rst                                                                                  |                2 |              8 |
|  sys_clk     | VexRiscv/IBusCachedPlugin_cache/builder_wb2csr_state_reg_0[2]                                                    | sys_rst                                                                                  |                1 |              8 |
|  sys_clk     | VexRiscv/IBusCachedPlugin_cache/lineLoader_address_reg[11]_4[0]                                                  | sys_rst                                                                                  |                2 |              8 |
|  eth_rx_clk  |                                                                                                                  | main_soclinux_ethphy_liteethphyrmiirx_converter_converter_source_payload_data[7]_i_1_n_0 |                2 |              8 |
|  sys_clk     | VexRiscv/IBusCachedPlugin_cache/_zz_213__reg[1][2]                                                               | sys_rst                                                                                  |                2 |              8 |
|  sys_clk     | VexRiscv/IBusCachedPlugin_cache/builder_wb2csr_state_reg[0]                                                      | sys_rst                                                                                  |                2 |              8 |
|  sys_clk     | VexRiscv/IBusCachedPlugin_cache/builder_wb2csr_state_reg[3]                                                      | sys_rst                                                                                  |                3 |              8 |
|  sys_clk     | VexRiscv/IBusCachedPlugin_cache/lineLoader_address_reg[5]_0[0]                                                   | sys_rst                                                                                  |                3 |              8 |
|  sys_clk     | VexRiscv/IBusCachedPlugin_cache/main_soclinux_soclinux_uart_rx_fifo_rdport_re                                    |                                                                                          |                2 |              8 |
|  sys_clk     | VexRiscv/IBusCachedPlugin_cache/lineLoader_address_reg[11]_6                                                     | sys_rst                                                                                  |                2 |              8 |
|  sys_clk     | VexRiscv/IBusCachedPlugin_cache/_zz_12_                                                                          | VexRiscv/IBusCachedPlugin_cache/_zz_13_                                                  |                2 |              8 |
|  sys_clk     | main_soclinux_soclinux_uart_phy_tx_reg[7]_i_1_n_0                                                                | sys_rst                                                                                  |                3 |              8 |
|  sys_clk     | VexRiscv/IBusCachedPlugin_cache/builder_wb2csr_state_reg_1[2]                                                    | sys_rst                                                                                  |                1 |              8 |
|  sys_clk     | VexRiscv/IBusCachedPlugin_cache/lineLoader_address_reg[11]_4[6]                                                  | sys_rst                                                                                  |                2 |              8 |
|  sys_clk     | VexRiscv/IBusCachedPlugin_cache/builder_wb2csr_state_reg_0[1]                                                    | sys_rst                                                                                  |                2 |              8 |
|  sys_clk     | VexRiscv/IBusCachedPlugin_cache/lineLoader_address_reg[11]_3[0]                                                  | sys_rst                                                                                  |                3 |              8 |
|  sys_clk     | VexRiscv/IBusCachedPlugin_cache/lineLoader_address_reg[11]_4[3]                                                  | sys_rst                                                                                  |                2 |              8 |
|  sys_clk     | VexRiscv/IBusCachedPlugin_cache/lineLoader_address_reg[11]_4[7]                                                  | sys_rst                                                                                  |                3 |              8 |
|  sys_clk     | VexRiscv/IBusCachedPlugin_cache/lineLoader_address_reg[11]_2[3]                                                  | sys_rst                                                                                  |                1 |              8 |
|  sys_clk     | VexRiscv/IBusCachedPlugin_cache/lineLoader_address_reg[11]_3[2]                                                  | sys_rst                                                                                  |                2 |              8 |
|  sys_clk     | VexRiscv/IBusCachedPlugin_cache/lineLoader_address_reg[11]_2[0]                                                  | sys_rst                                                                                  |                4 |              8 |
|  sys_clk     | VexRiscv/IBusCachedPlugin_cache/builder_wb2csr_state_reg[2]                                                      | sys_rst                                                                                  |                3 |              8 |
|  sys_clk     | VexRiscv/IBusCachedPlugin_cache/lineLoader_address_reg[11]_3[1]                                                  | sys_rst                                                                                  |                2 |              8 |
|  sys_clk     | VexRiscv/IBusCachedPlugin_cache/lineLoader_address_reg[11]_4[2]                                                  | sys_rst                                                                                  |                2 |              8 |
|  sys_clk     | VexRiscv/IBusCachedPlugin_cache/_zz_211__reg[0][0]                                                               | sys_rst                                                                                  |                2 |              8 |
|  sys_clk     | VexRiscv/IBusCachedPlugin_cache/builder_wb2csr_state_reg_0[0]                                                    | sys_rst                                                                                  |                2 |              8 |
|  sys_clk     | VexRiscv/IBusCachedPlugin_cache/lineLoader_address_reg[11]_2[1]                                                  | sys_rst                                                                                  |                2 |              8 |
|  sys_clk     | VexRiscv/IBusCachedPlugin_cache/lineLoader_address_reg[11]_4[1]                                                  | sys_rst                                                                                  |                2 |              8 |
|  sys_clk     | VexRiscv/IBusCachedPlugin_cache/lineLoader_address_reg[11]_4[5]                                                  | sys_rst                                                                                  |                3 |              8 |
|  sys_clk     | VexRiscv/IBusCachedPlugin_cache/builder_wb2csr_state_reg_1[1]                                                    | sys_rst                                                                                  |                2 |              8 |
|  sys_clk     | VexRiscv/IBusCachedPlugin_cache/_zz_213__reg[1][1]                                                               | sys_rst                                                                                  |                1 |              8 |
|  sys_clk     | VexRiscv/IBusCachedPlugin_cache/lineLoader_address_reg[11]_2[2]                                                  | sys_rst                                                                                  |                2 |              8 |
|  sys_clk     | VexRiscv/IBusCachedPlugin_cache/_zz_213__reg[1][3]                                                               | sys_rst                                                                                  |                2 |              8 |
|  sys_clk     | VexRiscv/IBusCachedPlugin_cache/builder_wb2csr_state_reg_1[3]                                                    | sys_rst                                                                                  |                2 |              8 |
|  sys_clk     | VexRiscv/IBusCachedPlugin_cache/_zz_213__reg[1][0]                                                               | sys_rst                                                                                  |                1 |              8 |
|  sys_clk     |                                                                                                                  | VexRiscv/IBusCachedPlugin_cache/FDPE_1_4[0]                                              |                2 |              8 |
|  sys_clk     |                                                                                                                  | VexRiscv/IBusCachedPlugin_cache/FDPE_1_6[0]                                              |                4 |              8 |
|  sys_clk     | main_soclinux_soclinux_uart_phy_rx_reg                                                                           | sys_rst                                                                                  |                2 |              8 |
|  sys_clk     | main_soclinux_soclinux_uart_tx_fifo_syncfifo_re                                                                  |                                                                                          |                2 |              8 |
|  sys_clk     |                                                                                                                  | VexRiscv/IBusCachedPlugin_cache/FDPE_1_8[0]                                              |                5 |              8 |
|  sys_clk     |                                                                                                                  | VexRiscv/IBusCachedPlugin_cache/MmuPlugin_ports_1_cache_3_valid                          |                3 |              8 |
|  sys_clk     |                                                                                                                  | VexRiscv/IBusCachedPlugin_cache/IBusCachedPlugin_injector_decodeRemoved                  |                3 |              8 |
|  sys_clk     |                                                                                                                  | VexRiscv/IBusCachedPlugin_cache/FDPE_1_9[0]                                              |                6 |              8 |
|  sys_clk     |                                                                                                                  | VexRiscv/IBusCachedPlugin_cache/FDPE_1_2[0]                                              |                3 |              8 |
|  sys_clk     |                                                                                                                  | VexRiscv/IBusCachedPlugin_cache/FDPE_1_3[0]                                              |                5 |              8 |
|  sys_clk     |                                                                                                                  | VexRiscv/IBusCachedPlugin_cache/FDPE_1_7[0]                                              |                4 |              8 |
|  sys_clk     | main_soclinux_ethphy_counter_ce                                                                                  | sys_rst                                                                                  |                2 |              9 |
|  eth_rx_clk  |                                                                                                                  | main_soclinux_crc32_checker_syncfifo_level                                               |                3 |              9 |
|  sys_clk     | main_soclinux_reader_counter_ce                                                                                  | main_soclinux_reader_counter[10]_i_1_n_0                                                 |                3 |              9 |
|  eth_rx_clk  | main_soclinux_rx_converter_converter_source_payload_data[19]_i_1_n_0                                             | eth_rx_rst                                                                               |                2 |             10 |
|  eth_rx_clk  | main_soclinux_rx_converter_converter_source_payload_data[29]_i_1_n_0                                             | eth_rx_rst                                                                               |                2 |             10 |
|  sys_clk     |                                                                                                                  | main_soclinux_soclinux_sdram_timer_count1[9]_i_1_n_0                                     |                3 |             10 |
|  eth_rx_clk  | main_soclinux_rx_converter_converter_source_payload_data[39]_i_1_n_0                                             | eth_rx_rst                                                                               |                2 |             10 |
|  eth_rx_clk  | main_soclinux_rx_converter_converter_source_payload_data[9]_i_1_n_0                                              | eth_rx_rst                                                                               |                2 |             10 |
|  sys_clk     | VexRiscv/dataCache_1_/decode_to_execute_INSTRUCTION_reg[26]                                                      | VexRiscv/IBusCachedPlugin_cache/reset0                                                   |                4 |             12 |
|  sys_clk     | main_soclinux_soclinux_sdram_bankmachine1_row_col_n_addr_sel                                                     | sys_rst                                                                                  |                3 |             13 |
|  sys_clk     | main_soclinux_soclinux_sdram_bankmachine2_row_col_n_addr_sel                                                     | sys_rst                                                                                  |                4 |             13 |
|  sys_clk     | main_soclinux_soclinux_sdram_bankmachine5_row_col_n_addr_sel                                                     | sys_rst                                                                                  |                2 |             13 |
|  sys_clk     | main_soclinux_soclinux_sdram_bankmachine6_row_col_n_addr_sel                                                     | sys_rst                                                                                  |                3 |             13 |
|  sys_clk     | main_soclinux_soclinux_sdram_bankmachine0_row_col_n_addr_sel                                                     | sys_rst                                                                                  |                3 |             13 |
|  sys_clk     | main_soclinux_soclinux_sdram_bankmachine3_row_col_n_addr_sel                                                     | sys_rst                                                                                  |                4 |             13 |
|  sys_clk     | main_soclinux_soclinux_sdram_bankmachine7_row_col_n_addr_sel                                                     | sys_rst                                                                                  |                3 |             13 |
|  sys_clk     | main_soclinux_soclinux_sdram_bankmachine4_row_col_n_addr_sel                                                     | sys_rst                                                                                  |                4 |             13 |
|  eth_tx_clk  | main_soclinux_padding_inserter_counter_ce                                                                        | main_soclinux_padding_inserter_counter[1]                                                |                4 |             15 |
|  sys_clk     | VexRiscv/IBusCachedPlugin_cache/main_soclinux_reader_fifo_wrport_we                                              |                                                                                          |                2 |             16 |
|  sys_clk     | main_soclinux_soclinux_uart_rx_fifo_wrport_we__0                                                                 |                                                                                          |                2 |             16 |
|  sys_clk     | VexRiscv/IBusCachedPlugin_cache/builder_soclinux_grant_reg_13                                                    |                                                                                          |                2 |             16 |
|  eth_rx_clk  | storage_10_reg_0_7_0_5_i_1_n_0                                                                                   |                                                                                          |                2 |             16 |
|  sys_clk     | VexRiscv/dataCache_1_/decode_to_execute_INSTRUCTION_reg[27][0]                                                   |                                                                                          |               10 |             20 |
|  sys_clk     | sel                                                                                                              | VexRiscv/IBusCachedPlugin_cache/FDPE_1_0                                                 |                5 |             20 |
|  sys_clk     | VexRiscv/dataCache_1_/p_103_in                                                                                   |                                                                                          |               10 |             20 |
|  sys_clk     | VexRiscv/MmuPlugin_shared_vpn_0[9]_i_1_n_0                                                                       |                                                                                          |                6 |             21 |
|  eth_tx_clk  |                                                                                                                  | eth_tx_rst                                                                               |               10 |             21 |
|  sys_clk     | VexRiscv/dataCache_1_/E[0]                                                                                       | VexRiscv/dataCache_1_/MmuPlugin_ports_1_entryToReplace_value_reg[1]_1                    |                8 |             22 |
|  sys_clk     | VexRiscv/dataCache_1_/E[0]                                                                                       |                                                                                          |                6 |             22 |
|  sys_clk     | VexRiscv/dataCache_1_/MmuPlugin_ports_1_entryToReplace_value_reg[0]_2[0]                                         |                                                                                          |                8 |             22 |
|  sys_clk     | VexRiscv/dataCache_1_/MmuPlugin_ports_0_entryToReplace_value_reg[1][0]                                           |                                                                                          |                6 |             22 |
|  sys_clk     | VexRiscv/dataCache_1_/MmuPlugin_ports_0_entryToReplace_value_reg[0]_0[0]                                         |                                                                                          |                6 |             22 |
|  sys_clk     | VexRiscv/dataCache_1_/MmuPlugin_ports_1_cache_2_virtualAddress_0                                                 |                                                                                          |                6 |             22 |
|  sys_clk     | VexRiscv/dataCache_1_/MmuPlugin_ports_0_cache_3_virtualAddress_0                                                 |                                                                                          |                7 |             22 |
|  sys_clk     | VexRiscv/dataCache_1_/MmuPlugin_ports_0_cache_2_virtualAddress_0                                                 |                                                                                          |                8 |             22 |
|  sys_clk     | VexRiscv/dataCache_1_/MmuPlugin_ports_1_cache_1_virtualAddress_0                                                 |                                                                                          |                7 |             22 |
|  sys_clk     | VexRiscv/dataCache_1_/MmuPlugin_ports_1_cache_1_virtualAddress_0                                                 | VexRiscv/dataCache_1_/MmuPlugin_ports_1_entryToReplace_value_reg[0]_0                    |                7 |             22 |
|  sys_clk     | VexRiscv/dataCache_1_/MmuPlugin_ports_1_entryToReplace_value_reg[0]_2[0]                                         | VexRiscv/dataCache_1_/MmuPlugin_ports_1_entryToReplace_value_reg[0]_3                    |               10 |             22 |
|  sys_clk     | VexRiscv/dataCache_1_/MmuPlugin_ports_1_cache_2_virtualAddress_0                                                 | VexRiscv/dataCache_1_/MmuPlugin_ports_1_entryToReplace_value_reg[1]_0                    |                8 |             22 |
|  sys_clk     | main_soclinux_soclinux_sdram_bankmachine7_cmd_buffer_pipe_ce                                                     | sys_rst                                                                                  |                6 |             23 |
|  eth_rx_clk  |                                                                                                                  | eth_rx_rst                                                                               |               10 |             23 |
|  sys_clk     | main_soclinux_soclinux_sdram_bankmachine2_cmd_buffer_pipe_ce                                                     | sys_rst                                                                                  |                6 |             23 |
|  sys_clk     | main_soclinux_soclinux_sdram_bankmachine0_cmd_buffer_pipe_ce                                                     | sys_rst                                                                                  |                7 |             23 |
|  sys_clk     | main_soclinux_soclinux_sdram_bankmachine6_cmd_buffer_pipe_ce                                                     | sys_rst                                                                                  |                8 |             23 |
|  sys_clk     | main_soclinux_soclinux_sdram_bankmachine5_cmd_buffer_pipe_ce                                                     | sys_rst                                                                                  |                7 |             23 |
|  sys_clk     | main_soclinux_soclinux_sdram_bankmachine3_cmd_buffer_pipe_ce                                                     | sys_rst                                                                                  |                6 |             23 |
|  sys_clk     | main_soclinux_soclinux_sdram_bankmachine4_cmd_buffer_pipe_ce                                                     | sys_rst                                                                                  |                7 |             23 |
|  sys_clk     | main_soclinux_soclinux_sdram_bankmachine1_cmd_buffer_pipe_ce                                                     | sys_rst                                                                                  |                6 |             23 |
|  sys_clk     | VexRiscv/IBusCachedPlugin_cache/main_soclinux_soclinux_a7ddrphy_dly_sel_storage_reg[0][0]                        | VexRiscv/IBusCachedPlugin_cache/FDPE_1_1[0]                                              |                9 |             24 |
|  sys_clk     | VexRiscv/IBusCachedPlugin_cache/main_soclinux_soclinux_a7ddrphy_dly_sel_storage_reg[1][0]                        | VexRiscv/IBusCachedPlugin_cache/SR[0]                                                    |                5 |             24 |
|  sys_clk     | VexRiscv/dataCache_1_/MmuPlugin_ports_0_cache_2_virtualAddress_0                                                 | VexRiscv/dataCache_1_/MmuPlugin_ports_0_entryToReplace_value_reg[1]_1                    |                7 |             24 |
|  sys_clk     | VexRiscv/dataCache_1_/MmuPlugin_ports_0_entryToReplace_value_reg[1][0]                                           | VexRiscv/dataCache_1_/MmuPlugin_ports_0_entryToReplace_value_reg[1]_2                    |               10 |             24 |
|  sys_clk     | VexRiscv/dataCache_1_/MmuPlugin_ports_0_cache_3_virtualAddress_0                                                 | VexRiscv/dataCache_1_/MmuPlugin_ports_0_entryToReplace_value_reg[0]_4                    |               10 |             24 |
|  sys_clk     | VexRiscv/dataCache_1_/MmuPlugin_ports_0_entryToReplace_value_reg[0]_0[0]                                         | VexRiscv/dataCache_1_/MmuPlugin_ports_0_entryToReplace_value_reg[0]_1                    |                7 |             24 |
|  sys_clk     | VexRiscv/dataCache_1_/p_2_in27_out                                                                               | VexRiscv/IBusCachedPlugin_cache/reset0                                                   |               10 |             25 |
|  eth_tx_clk  |                                                                                                                  |                                                                                          |                9 |             27 |
|  sys_clk     | VexRiscv/IBusCachedPlugin_cache/_zz_228_1_out                                                                    |                                                                                          |                8 |             27 |
|  eth_rx_clk  |                                                                                                                  |                                                                                          |               10 |             29 |
|  sys_clk     | VexRiscv/IBusCachedPlugin_cache/IBusCachedPlugin_iBusRsp_stages_2_input_ready                                    |                                                                                          |                9 |             30 |
|  sys_clk     | VexRiscv/IBusCachedPlugin_cache/IBusCachedPlugin_fetchPc_booted_reg                                              | VexRiscv/IBusCachedPlugin_cache/reset0                                                   |               13 |             30 |
|  sys_clk     | VexRiscv/dataCache_1_/CsrPlugin_exceptionPortCtrl_exceptionValidsRegs_writeBack_reg[0]                           |                                                                                          |               11 |             30 |
|  sys_clk     | VexRiscv/dataCache_1_/decode_to_execute_INSTRUCTION_reg[20][0]                                                   |                                                                                          |               19 |             30 |
|  sys_clk     |                                                                                                                  | main_soclinux_soclinux_uart_phy_phase_accumulator_rx[30]_i_1_n_0                         |                8 |             31 |
|  sys_clk     | VexRiscv/IBusCachedPlugin_cache/builder_litedramwishbone2native_state_reg[1]                                     |                                                                                          |                4 |             32 |
|  sys_clk     | VexRiscv/dataCache_1_/CsrPlugin_hadException_reg_0[0]                                                            |                                                                                          |               17 |             32 |
|  sys_clk     | VexRiscv/dataCache_1_/decode_to_execute_INSTRUCTION_reg[26]_0[0]                                                 |                                                                                          |               11 |             32 |
|  sys_clk     |                                                                                                                  | main_soclinux_soclinux_uart_phy_phase_accumulator_tx[31]_i_1_n_0                         |                8 |             32 |
|  sys_clk     | VexRiscv/IBusCachedPlugin_cache/builder_litedramwishbone2native_state_reg[1]_3                                   |                                                                                          |                4 |             32 |
|  sys_clk     | mem_3_reg_i_26_n_0                                                                                               | main_soclinux_writer_counter[0]_i_1_n_0                                                  |                8 |             32 |
|  sys_clk     | VexRiscv/IBusCachedPlugin_cache/builder_litedramwishbone2native_state_reg[1]_4                                   |                                                                                          |                4 |             32 |
|  sys_clk     | main_soclinux_soclinux_ctrl_bus_errors                                                                           | sys_rst                                                                                  |                8 |             32 |
|  eth_tx_clk  | main_soclinux_crc32_inserter_ce                                                                                  | main_soclinux_crc32_inserter_reg[31]_i_1_n_0                                             |               10 |             32 |
|  sys_clk     | main_soclinux_ps_preamble_error_o                                                                                | sys_rst                                                                                  |                8 |             32 |
|  sys_clk     | VexRiscv/memory_MulDivIterativePlugin_div_result[31]_i_1_n_0                                                     |                                                                                          |                8 |             32 |
|  sys_clk     | VexRiscv/IBusCachedPlugin_cache/tag_mem_reg                                                                      |                                                                                          |                4 |             32 |
|  sys_clk     | VexRiscv/memory_MulDivIterativePlugin_accumulator[31]_i_1_n_0                                                    | VexRiscv/dataCache_1_/memory_MulDivIterativePlugin_div_counter_willClear                 |               11 |             32 |
|  sys_clk     | VexRiscv/IBusCachedPlugin_cache/builder_litedramwishbone2native_state_reg[1]_0                                   |                                                                                          |                4 |             32 |
|  sys_clk     | VexRiscv/IBusCachedPlugin_cache/builder_litedramwishbone2native_state_reg[1]_1                                   |                                                                                          |                4 |             32 |
|  eth_rx_clk  | main_soclinux_crc32_checker_crc_ce                                                                               | main_soclinux_crc32_checker_syncfifo_level                                               |               15 |             32 |
|  sys_clk     | VexRiscv/IBusCachedPlugin_cache/main_soclinux_soclinux_sdram_bankmachine3_cmd_buffer_lookahead_level_reg[0]      |                                                                                          |                4 |             32 |
|  sys_clk     | VexRiscv/IBusCachedPlugin_cache/builder_litedramwishbone2native_state_reg[1]_2                                   |                                                                                          |                4 |             32 |
|  sys_clk     | VexRiscv/dataCache_1_/decode_to_execute_INSTRUCTION_reg[29]_1[0]                                                 |                                                                                          |               19 |             32 |
|  sys_clk     | VexRiscv/IBusCachedPlugin_cache/CsrPlugin_exceptionPortCtrl_exceptionContext_badAddr                             |                                                                                          |               19 |             32 |
|  sys_clk     | main_soclinux_soclinux_timer0_update_value_re                                                                    | sys_rst                                                                                  |                9 |             32 |
|  sys_clk     | VexRiscv/dataCache_1_/memory_MulDivIterativePlugin_div_done_reg_0[0]                                             |                                                                                          |                8 |             32 |
|  sys_clk     | VexRiscv/CsrPlugin_mtval                                                                                         |                                                                                          |               17 |             32 |
|  sys_clk     |                                                                                                                  | VexRiscv/IBusCachedPlugin_cache/builder_soclinux_count_reg_0_sn_1                        |               16 |             32 |
|  sys_clk     | main_soclinux_writer_errors_status[31]_i_1_n_0                                                                   | sys_rst                                                                                  |                9 |             32 |
|  sys_clk     | main_soclinux_ps_crc_error_o                                                                                     | sys_rst                                                                                  |                8 |             32 |
|  sys_clk     | VexRiscv/dataCache_1_/decode_to_execute_INSTRUCTION_reg[29]_0[0]                                                 | VexRiscv/IBusCachedPlugin_cache/reset0                                                   |               15 |             32 |
|  sys_clk     | VexRiscv/dataCache_1_/decode_to_execute_INSTRUCTION_reg[26]_3[0]                                                 | VexRiscv/IBusCachedPlugin_cache/reset0                                                   |               15 |             32 |
|  sys_clk     | VexRiscv/dataCache_1_/execute_to_memory_IS_MUL_reg[0]                                                            |                                                                                          |                8 |             32 |
|  sys_clk     | VexRiscv/dataCache_1_/decode_to_execute_INSTRUCTION_reg[26]_2[0]                                                 |                                                                                          |               17 |             32 |
|  sys_clk     | VexRiscv/dataCache_1_/decode_to_execute_INSTRUCTION_reg[29][0]                                                   |                                                                                          |               20 |             32 |
|  sys_clk     | VexRiscv/dataCache_1_/CsrPlugin_hadException_reg_1[0]                                                            |                                                                                          |               14 |             32 |
|  sys_clk     | VexRiscv/memory_MulDivIterativePlugin_accumulator[64]_i_1_n_0                                                    | VexRiscv/dataCache_1_/memory_MulDivIterativePlugin_div_counter_willClear                 |                9 |             33 |
|  sys_clk     | VexRiscv/dataCache_1_/memory_to_writeBack_MEMORY_ENABLE_reg_2[0]                                                 |                                                                                          |               20 |             37 |
|  sys_clk     | VexRiscv/dataCache_1_/_zz_21_0                                                                                   | VexRiscv/IBusCachedPlugin_cache/reset0                                                   |               27 |             42 |
|  sys_clk     | main_soclinux_writer_fifo_wrport_we__0                                                                           |                                                                                          |                6 |             48 |
|  sys_clk     |                                                                                                                  | VexRiscv/IBusCachedPlugin_cache/reset0                                                   |               24 |             49 |
|  sys_clk     | VexRiscv/dataCache_1_/_zz_21_0                                                                                   |                                                                                          |               19 |             56 |
|  sys_clk     | main_soclinux_soclinux_sdram_inti_p0_rddata_valid                                                                | sys_rst                                                                                  |               26 |             64 |
|  sys_clk     | VexRiscv/_zz_122_[2]_i_1_n_0                                                                                     |                                                                                          |               30 |             68 |
|  sys_clk     | VexRiscv/dataCache_1__io_mem_cmd_s2mPipe_ready                                                                   |                                                                                          |               32 |             68 |
|  sys_clk     | VexRiscv/IBusCachedPlugin_cache/E[0]                                                                             |                                                                                          |               28 |             87 |
|  sys_clk     | VexRiscv/IBusCachedPlugin_cache/lineLoader_address_reg[11]_5[0]                                                  | sys_rst                                                                                  |               26 |            128 |
|  sys_clk     |                                                                                                                  |                                                                                          |               72 |            130 |
|  sys_clk     | VexRiscv/dataCache_1_/MmuPlugin_dBusAccess_cmd_ready0                                                            |                                                                                          |               56 |            156 |
|  sys_clk     | VexRiscv/dataCache_1_/memory_MulDivIterativePlugin_div_counter_willClear                                         |                                                                                          |               70 |            190 |
|  sys_clk     |                                                                                                                  | sys_rst                                                                                  |              259 |            687 |
+--------------+------------------------------------------------------------------------------------------------------------------+------------------------------------------------------------------------------------------+------------------+----------------+


