Copyright 1986-2019 Xilinx, Inc. All Rights Reserved.
-----------------------------------------------------------------------------------------------
| Tool Version : Vivado v.2019.1 (lin64) Build 2552052 Fri May 24 14:47:09 MDT 2019
| Date         : Fri Nov  1 13:50:49 2019
| Host         : EE10854 running 64-bit Ubuntu 18.04.3 LTS
| Command      : report_utilization -hierarchical -file top_utilization_hierarchical_place.rpt
| Design       : top
| Device       : 7a200tsbg484-1
| Design State : Fully Placed
-----------------------------------------------------------------------------------------------

Utilization Design Information

Table of Contents
-----------------
1. Utilization by Hierarchy

1. Utilization by Hierarchy
---------------------------

+----------------------------+------------------+------------+------------+---------+------+------+--------+--------+--------------+
|          Instance          |      Module      | Total LUTs | Logic LUTs | LUTRAMs | SRLs |  FFs | RAMB36 | RAMB18 | DSP48 Blocks |
+----------------------------+------------------+------------+------------+---------+------+------+--------+--------+--------------+
| top                        |            (top) |       6801 |       6482 |     316 |    3 | 5506 |     25 |     36 |            0 |
|   (top)                    |            (top) |       2993 |       2674 |     316 |    3 | 3496 |     24 |     28 |            0 |
|   VexRiscv                 |         VexRiscv |       3808 |       3808 |       0 |    0 | 2010 |      1 |      8 |            0 |
|     (VexRiscv)             |         VexRiscv |       1469 |       1469 |       0 |    0 | 1733 |      0 |      2 |            0 |
|     IBusCachedPlugin_cache | InstructionCache |       1478 |       1478 |       0 |    0 |  106 |      1 |      1 |            0 |
|     dataCache_1_           |        DataCache |        862 |        862 |       0 |    0 |  171 |      0 |      5 |            0 |
+----------------------------+------------------+------------+------------+---------+------+------+--------+--------+--------------+
* Note: The sum of lower-level cells may be larger than their parent cells total, due to cross-hierarchy LUT combining


